<?xml version="1.0" encoding="UTF-8"?>
<!-- Generated by org.testng.reporters.JUnitXMLReporter -->
<testsuite ignored="0" hostname="EC2AMAZ-S11DBRH" failures="0" tests="3" name="Default test" time="15.593" errors="0" timestamp="2024-04-30T06:39:12 GMT">
  <testcase classname="testScripts.ExternalFileTest" name="ValidLogin" time="3.62"/>
  <testcase classname="testScripts.ExternalFileTest" name="ValidLogin" time="3.691"/>
  <testcase classname="testScripts.ExternalFileTest" name="ValidLogin" time="3.643"/>
</testsuite> <!-- Default test -->
