<?xml version="1.0" encoding="UTF-8"?>
<!-- Generated by org.testng.reporters.JUnitXMLReporter -->
<testsuite ignored="3" hostname="EC2AMAZ-S11DBRH" failures="0" tests="1" name="Default test" time="0.061" errors="0" timestamp="2024-04-26T06:01:48 GMT">
  <testcase classname="testScripts.SampleTwoTest" name="testOne" time="0.011"/>
  <testcase classname="testScripts.SampleTwoTest" name="testFour" time="0.0">
    <ignored/>
  </testcase> <!-- testFour -->
  <testcase classname="testScripts.SampleTwoTest" name="testThree" time="0.0">
    <ignored/>
  </testcase> <!-- testThree -->
  <testcase classname="testScripts.SampleTwoTest" name="testTwo" time="0.0">
    <ignored/>
  </testcase> <!-- testTwo -->
</testsuite> <!-- Default test -->
