<?xml version="1.0" encoding="UTF-8"?>
<!-- Generated by org.testng.reporters.JUnitXMLReporter -->
<testsuite ignored="0" hostname="EC2AMAZ-S11DBRH" failures="0" tests="3" name="ModuleTwoTest" time="0.088" errors="0" timestamp="2024-04-26T07:20:51 GMT">
  <testcase classname="parallelScripts.SampleThree" name="testOne" time="0.011"/>
  <testcase classname="parallelScripts.SampleThree" name="testThree" time="0.005"/>
  <testcase classname="parallelScripts.SampleThree" name="testTwo" time="0.005"/>
</testsuite> <!-- ModuleTwoTest -->
