<?xml version="1.0" encoding="UTF-8"?>
<!-- Generated by org.testng.reporters.JUnitXMLReporter -->
<testsuite ignored="0" hostname="EC2AMAZ-S11DBRH" failures="0" tests="6" name="ModuleOneTest" time="0.116" errors="0" timestamp="2024-04-26T07:20:51 GMT">
  <testcase classname="parallelScripts.SampleOne" name="testOne" time="0.011"/>
  <testcase classname="parallelScripts.SampleOne" name="testThree" time="0.009"/>
  <testcase classname="parallelScripts.SampleOne" name="testTwo" time="0.003"/>
  <testcase classname="parallelScripts.SampleTwo" name="testOne" time="0.001"/>
  <testcase classname="parallelScripts.SampleTwo" name="testThree" time="0.004"/>
  <testcase classname="parallelScripts.SampleTwo" name="testTwo" time="0.003"/>
</testsuite> <!-- ModuleOneTest -->
