<?xml version="1.0" encoding="UTF-8"?>
<testng-results ignored="0" total="1" passed="1" failed="0" skipped="0">
  <reporter-output>
  </reporter-output>
  <suite started-at="2024-05-02T05:35:20 GMT" name="Default suite" finished-at="2024-05-02T05:35:26 GMT" duration-ms="5611">
    <groups>
    </groups>
    <test started-at="2024-05-02T05:35:20 GMT" name="Default test" finished-at="2024-05-02T05:35:26 GMT" duration-ms="5611">
      <class name="testScripts.CDPTest">
        <test-method is-config="true" signature="setup()[pri:0, instance:testScripts.CDPTest@4cc8eb05]" started-at="2024-05-02T05:35:20 GMT" name="setup" finished-at="2024-05-02T05:35:23 GMT" duration-ms="3013" status="PASS">
          <reporter-output>
          </reporter-output>
        </test-method> <!-- setup -->
        <test-method signature="captureConsoleLogTest()[pri:0, instance:testScripts.CDPTest@4cc8eb05]" started-at="2024-05-02T05:35:23 GMT" name="captureConsoleLogTest" finished-at="2024-05-02T05:35:26 GMT" duration-ms="2546" status="PASS">
          <reporter-output>
          </reporter-output>
        </test-method> <!-- captureConsoleLogTest -->
      </class> <!-- testScripts.CDPTest -->
    </test> <!-- Default test -->
  </suite> <!-- Default suite -->
</testng-results>
